[debug] [2025-01-15T05:02:41.608Z] ----------------------------------------------------------------------
[debug] [2025-01-15T05:02:41.609Z] Command:       /opt/homebrew/Cellar/node/22.5.1/bin/node /opt/homebrew/bin/firebase init hosting
[debug] [2025-01-15T05:02:41.610Z] CLI Version:   13.29.1
[debug] [2025-01-15T05:02:41.610Z] Platform:      darwin
[debug] [2025-01-15T05:02:41.610Z] Node Version:  v22.5.1
[debug] [2025-01-15T05:02:41.610Z] Time:          Wed Jan 15 2025 10:32:41 GMT+0530 (India Standard Time)
[debug] [2025-01-15T05:02:41.610Z] ----------------------------------------------------------------------
[debug] 
[debug] [2025-01-15T05:02:41.614Z] > command requires scopes: ["email","openid","https://www.googleapis.com/auth/cloudplatformprojects.readonly","https://www.googleapis.com/auth/firebase","https://www.googleapis.com/auth/cloud-platform"]
[debug] [2025-01-15T05:02:41.614Z] > authorizing via signed-in user (kabli.ravinder@gmail.com)
[info] 
     ######## #### ########  ######## ########     ###     ######  ########
     ##        ##  ##     ## ##       ##     ##  ##   ##  ##       ##
     ######    ##  ########  ######   ########  #########  ######  ######
     ##        ##  ##    ##  ##       ##     ## ##     ##       ## ##
     ##       #### ##     ## ######## ########  ##     ##  ######  ########

You're about to initialize a Firebase project in this directory:

  /Users/ravinderkabli/Documents/ravinder/cursor_websites/nutribot

[info] 
=== Project Setup
[info] 
[info] First, let's associate this project directory with a Firebase project.
[info] You can create multiple project aliases by running firebase use --add, 
[info] but for now we'll just set up a default project.
[info] 
